<?xml version="1.0" encoding="UTF-8"?>
<!-- Generated by org.testng.reporters.JUnitReportReporter -->
<testsuite hostname="PC1" failures="0" tests="7" name="com.employeeapi.testCases.Tc002_GetSingle_Employee_Record" time="0.006" errors="0" timestamp="12 Oct 2022 16:22:20 GMT" skipped="0">
  <testcase classname="com.employeeapi.testCases.Tc002_GetSingle_Employee_Record" name="checkserverType" time="0.000"/>
  <testcase classname="com.employeeapi.testCases.Tc002_GetSingle_Employee_Record" name="checkContentType" time="0.001"/>
  <testcase classname="com.employeeapi.testCases.Tc002_GetSingle_Employee_Record" name="checkstatusLine" time="0.001"/>
  <testcase classname="com.employeeapi.testCases.Tc002_GetSingle_Employee_Record" name="checkResponseBody" time="0.001"/>
  <testcase classname="com.employeeapi.testCases.Tc002_GetSingle_Employee_Record" name="checkStatusCode" time="0.001"/>
  <testcase classname="com.employeeapi.testCases.Tc002_GetSingle_Employee_Record" name="checkResponseTime" time="0.001"/>
  <testcase classname="com.employeeapi.testCases.Tc002_GetSingle_Employee_Record" name="checkContentLength" time="0.001"/>
</testsuite> <!-- com.employeeapi.testCases.Tc002_GetSingle_Employee_Record -->
